<?xml version="1.0" encoding="UTF-8"?>
<!-- Generated by org.testng.reporters.JUnitReportReporter -->
<testsuite skipped="0" hostname="Heaven-PC" name="com.MavenProject.TestDemo" tests="1" failures="0" timestamp="02 Jan 2019 12:54:37 GMT" time="0.029" errors="0">
  <testcase name="T1" time="0.029" classname="com.MavenProject.TestDemo"/>
</testsuite> <!-- com.MavenProject.TestDemo -->
