<?xml version="1.0" encoding="UTF-8"?>
<!-- Generated by org.testng.reporters.JUnitReportReporter -->
<testsuite skipped="2" hostname="Heaven-PC" name="com.MavenProject.CrossBrowserTesting" tests="4" failures="0" timestamp="04 Jan 2019 10:17:35 GMT" time="20.992" errors="0">
  <testcase name="Test1" time="9.566" classname="com.MavenProject.CrossBrowserTesting"/>
  <testcase name="Test1" time="11.426" classname="com.MavenProject.CrossBrowserTesting"/>
  <testcase name="Test2" classname="com.MavenProject.CrossBrowserTesting">
    <skipped/>
  </testcase> <!-- Test2 -->
  <testcase name="Test2" classname="com.MavenProject.CrossBrowserTesting">
    <skipped/>
  </testcase> <!-- Test2 -->
</testsuite> <!-- com.MavenProject.CrossBrowserTesting -->
